Error fetching orders.json?status=any&limit=50&order=updated_at+desc&updated_at_min=2025-08-25T13%3A06%3A13.738Z: getaddrinfo ENOTFOUND magminventory.myshopify.com
❌ Orders sync failed: getaddrinfo ENOTFOUND magminventory.myshopify.com
Error fetching products.json: getaddrinfo ENOTFOUND magminventory.myshopify.com
❌ Inventory sync failed: getaddrinfo ENOTFOUND magminventory.myshopify.com
Error fetching locations.json: getaddrinfo ENOTFOUND magminventory.myshopify.com
Error fetching locations.json: getaddrinfo ENOTFOUND magminventory.myshopify.com
Error fetching products.json: getaddrinfo ENOTFOUND magminventory.myshopify.com
❌ Products sync failed: getaddrinfo ENOTFOUND magminventory.myshopify.com
Error fetching locations.json: getaddrinfo ENOTFOUND magminventory.myshopify.com
Error fetching locations.json: getaddrinfo ENOTFOUND magminventory.myshopify.com
Error fetching orders.json?status=any&limit=50&order=updated_at+desc&updated_at_min=2025-08-25T16%3A21%3A14.384Z: getaddrinfo ENOTFOUND magminventory.myshopify.com
❌ Orders sync failed: getaddrinfo ENOTFOUND magminventory.myshopify.com
Error fetching products.json: getaddrinfo ENOTFOUND magminventory.myshopify.com
❌ Inventory sync failed: getaddrinfo ENOTFOUND magminventory.myshopify.com
Error fetching locations.json: getaddrinfo ENOTFOUND magminventory.myshopify.com
Error fetching locations.json: getaddrinfo ENOTFOUND magminventory.myshopify.com
Error fetching products.json: getaddrinfo ENOTFOUND magminventory.myshopify.com
❌ Products sync failed: getaddrinfo ENOTFOUND magminventory.myshopify.com
Error fetching locations.json: getaddrinfo ENOTFOUND magminventory.myshopify.com
Error fetching locations.json: getaddrinfo ENOTFOUND magminventory.myshopify.com
Error fetching orders.json?status=any&limit=50&order=updated_at+desc&updated_at_min=2025-08-26T13%3A03%3A54.774Z: getaddrinfo ENOTFOUND magminventory.myshopify.com
❌ Orders sync failed: getaddrinfo ENOTFOUND magminventory.myshopify.com
Error fetching products.json: getaddrinfo ENOTFOUND magminventory.myshopify.com
❌ Inventory sync failed: getaddrinfo ENOTFOUND magminventory.myshopify.com
Error fetching locations.json: getaddrinfo ENOTFOUND magminventory.myshopify.com
Error fetching locations.json: getaddrinfo ENOTFOUND magminventory.myshopify.com
Error fetching products.json: getaddrinfo ENOTFOUND magminventory.myshopify.com
❌ Products sync failed: getaddrinfo ENOTFOUND magminventory.myshopify.com
Error fetching locations.json: getaddrinfo ENOTFOUND magminventory.myshopify.com
Error fetching locations.json: getaddrinfo ENOTFOUND magminventory.myshopify.com
